Determining size of PetscInt failed with the following output:
Change Dir: /root/Scripts/cpp/mesh-workflow/build/CMakeFiles/CMakeTmp

Run Build Command:"/usr/bin/make" "cmTC_a1e33/fast"
/usr/bin/make -f CMakeFiles/cmTC_a1e33.dir/build.make CMakeFiles/cmTC_a1e33.dir/build
make[1]: Entering directory '/root/Scripts/cpp/mesh-workflow/build/CMakeFiles/CMakeTmp'
Building C object CMakeFiles/cmTC_a1e33.dir/PETSC_INT_SIZE.c.o
/usr/bin/cc  -I/usr/local/petsc/include   -o CMakeFiles/cmTC_a1e33.dir/PETSC_INT_SIZE.c.o   -c /root/Scripts/cpp/mesh-workflow/build/CMakeFiles/CheckTypeSize/PETSC_INT_SIZE.c
In file included from /root/Scripts/cpp/mesh-workflow/build/CMakeFiles/CheckTypeSize/PETSC_INT_SIZE.c:4:0:
/usr/local/petsc/include/petscsys.h:134:12: fatal error: mpi.h: No such file or directory
 #  include <mpi.h>
            ^~~~~~~
compilation terminated.
CMakeFiles/cmTC_a1e33.dir/build.make:65: recipe for target 'CMakeFiles/cmTC_a1e33.dir/PETSC_INT_SIZE.c.o' failed
make[1]: *** [CMakeFiles/cmTC_a1e33.dir/PETSC_INT_SIZE.c.o] Error 1
make[1]: Leaving directory '/root/Scripts/cpp/mesh-workflow/build/CMakeFiles/CMakeTmp'
Makefile:126: recipe for target 'cmTC_a1e33/fast' failed
make: *** [cmTC_a1e33/fast] Error 2

/root/Scripts/cpp/mesh-workflow/build/CMakeFiles/CheckTypeSize/PETSC_INT_SIZE.c:
#include <sys/types.h>
#include <stdint.h>
#include <stddef.h>
#include "petscsys.h"


#undef KEY
#if defined(__i386)
# define KEY '_','_','i','3','8','6'
#elif defined(__x86_64)
# define KEY '_','_','x','8','6','_','6','4'
#elif defined(__ppc__)
# define KEY '_','_','p','p','c','_','_'
#elif defined(__ppc64__)
# define KEY '_','_','p','p','c','6','4','_','_'
#elif defined(__aarch64__)
# define KEY '_','_','a','a','r','c','h','6','4','_','_'
#elif defined(__ARM_ARCH_7A__)
# define KEY '_','_','A','R','M','_','A','R','C','H','_','7','A','_','_'
#elif defined(__ARM_ARCH_7S__)
# define KEY '_','_','A','R','M','_','A','R','C','H','_','7','S','_','_'
#endif

#define SIZE (sizeof(PetscInt))
char info_size[] =  {'I', 'N', 'F', 'O', ':', 's','i','z','e','[',
  ('0' + ((SIZE / 10000)%10)),
  ('0' + ((SIZE / 1000)%10)),
  ('0' + ((SIZE / 100)%10)),
  ('0' + ((SIZE / 10)%10)),
  ('0' +  (SIZE    % 10)),
  ']',
#ifdef KEY
  ' ','k','e','y','[', KEY, ']',
#endif
  '\0'};

#ifdef __CLASSIC_C__
int main(argc, argv) int argc; char *argv[];
#else
int main(int argc, char *argv[])
#endif
{
  int require = 0;
  require += info_size[argc];
  (void)argv;
  return require;
}


Determining if the PETSC_USE_COMPLEX exist failed with the following output:
Change Dir: /root/Scripts/cpp/mesh-workflow/build/CMakeFiles/CMakeTmp

Run Build Command:"/usr/bin/make" "cmTC_966c5/fast"
/usr/bin/make -f CMakeFiles/cmTC_966c5.dir/build.make CMakeFiles/cmTC_966c5.dir/build
make[1]: Entering directory '/root/Scripts/cpp/mesh-workflow/build/CMakeFiles/CMakeTmp'
Building C object CMakeFiles/cmTC_966c5.dir/CheckSymbolExists.c.o
/usr/bin/cc  -I/usr/local/petsc/include   -o CMakeFiles/cmTC_966c5.dir/CheckSymbolExists.c.o   -c /root/Scripts/cpp/mesh-workflow/build/CMakeFiles/CMakeTmp/CheckSymbolExists.c
In file included from /root/Scripts/cpp/mesh-workflow/build/CMakeFiles/CMakeTmp/CheckSymbolExists.c:2:0:
/usr/local/petsc/include/petscsys.h:134:12: fatal error: mpi.h: No such file or directory
 #  include <mpi.h>
            ^~~~~~~
compilation terminated.
CMakeFiles/cmTC_966c5.dir/build.make:65: recipe for target 'CMakeFiles/cmTC_966c5.dir/CheckSymbolExists.c.o' failed
make[1]: *** [CMakeFiles/cmTC_966c5.dir/CheckSymbolExists.c.o] Error 1
make[1]: Leaving directory '/root/Scripts/cpp/mesh-workflow/build/CMakeFiles/CMakeTmp'
Makefile:126: recipe for target 'cmTC_966c5/fast' failed
make: *** [cmTC_966c5/fast] Error 2

File /root/Scripts/cpp/mesh-workflow/build/CMakeFiles/CMakeTmp/CheckSymbolExists.c:
/* */
#include <petscsys.h>

int main(int argc, char** argv)
{
  (void)argv;
#ifndef PETSC_USE_COMPLEX
  return ((int*)(&PETSC_USE_COMPLEX))[argc];
#else
  (void)argc;
  return 0;
#endif
}

